<?xml version="1.0" encoding="UTF-8"?>
<!-- Generated by org.testng.reporters.JUnitXMLReporter -->
<testsuite ignored="1" hostname="VenuGopal" failures="0" tests="3" name="Test" time="43.087" errors="0" timestamp="2022-11-02T11:14:05 IST">
  <testcase classname="com.edureka.testScripts.LoginPageTest" name="loginTestWithValidEmailPassword" time="6.818"/>
  <testcase classname="com.edureka.testScripts.LoginPageTest" name="loginTestWithoutEmailPassword" time="2.518"/>
  <testcase classname="com.edureka.testScripts.ProfilePageTest" name="validateProfilePage" time="14.352"/>
  <testcase classname="com.edureka.base.BaseClass" name="@BeforeTest loadConfig" time="0.0">
    <ignored/>
  </testcase> <!-- @BeforeTest loadConfig -->
</testsuite> <!-- Test -->
