<?xml version="1.0" encoding="UTF-8"?>
<testng-results ignored="1" total="4" passed="3" failed="0" skipped="0">
  <reporter-output>
  </reporter-output>
  <suite started-at="2022-11-02T11:13:22 IST" name="Suite" finished-at="2022-11-02T11:14:05 IST" duration-ms="43087">
    <groups>
    </groups>
    <test started-at="2022-11-02T11:13:22 IST" name="Test" finished-at="2022-11-02T11:14:05 IST" duration-ms="43087">
      <class name="com.edureka.testScripts.ProfilePageTest">
        <test-method is-config="true" signature="setup()[pri:0, instance:com.edureka.testScripts.ProfilePageTest@324a0017]" started-at="2022-11-02T11:13:46 IST" name="setup" finished-at="2022-11-02T11:13:50 IST" duration-ms="4167" status="PASS">
          <reporter-output>
          </reporter-output>
        </test-method> <!-- setup -->
        <test-method signature="validateProfilePage()[pri:0, instance:com.edureka.testScripts.ProfilePageTest@324a0017]" started-at="2022-11-02T11:13:50 IST" name="validateProfilePage" finished-at="2022-11-02T11:14:04 IST" duration-ms="14352" status="PASS">
          <reporter-output>
          </reporter-output>
        </test-method> <!-- validateProfilePage -->
        <test-method is-config="true" signature="tearDown()[pri:0, instance:com.edureka.testScripts.ProfilePageTest@324a0017]" started-at="2022-11-02T11:14:04 IST" name="tearDown" finished-at="2022-11-02T11:14:05 IST" duration-ms="487" status="PASS">
          <reporter-output>
          </reporter-output>
        </test-method> <!-- tearDown -->
      </class> <!-- com.edureka.testScripts.ProfilePageTest -->
      <class name="com.edureka.testScripts.LoginPageTest">
        <test-method is-config="true" signature="loadConfig()[pri:0, instance:com.edureka.testScripts.LoginPageTest@41d426b5]" started-at="2022-11-02T11:13:22 IST" name="loadConfig" finished-at="2022-11-02T11:13:22 IST" duration-ms="18" status="PASS">
          <reporter-output>
          </reporter-output>
        </test-method> <!-- loadConfig -->
        <test-method is-config="true" signature="setup()[pri:0, instance:com.edureka.testScripts.LoginPageTest@41d426b5]" started-at="2022-11-02T11:13:22 IST" name="setup" finished-at="2022-11-02T11:13:32 IST" duration-ms="9993" status="PASS">
          <reporter-output>
          </reporter-output>
        </test-method> <!-- setup -->
        <test-method signature="loginTestWithValidEmailPassword()[pri:0, instance:com.edureka.testScripts.LoginPageTest@41d426b5]" started-at="2022-11-02T11:13:32 IST" name="loginTestWithValidEmailPassword" finished-at="2022-11-02T11:13:39 IST" duration-ms="6818" status="PASS">
          <reporter-output>
          </reporter-output>
        </test-method> <!-- loginTestWithValidEmailPassword -->
        <test-method is-config="true" signature="tearDown()[pri:0, instance:com.edureka.testScripts.LoginPageTest@41d426b5]" started-at="2022-11-02T11:13:39 IST" name="tearDown" finished-at="2022-11-02T11:13:39 IST" duration-ms="354" status="PASS">
          <reporter-output>
          </reporter-output>
        </test-method> <!-- tearDown -->
        <test-method is-config="true" signature="setup()[pri:0, instance:com.edureka.testScripts.LoginPageTest@41d426b5]" started-at="2022-11-02T11:13:39 IST" name="setup" finished-at="2022-11-02T11:13:43 IST" duration-ms="4008" status="PASS">
          <reporter-output>
          </reporter-output>
        </test-method> <!-- setup -->
        <test-method signature="loginTestWithoutEmailPassword()[pri:0, instance:com.edureka.testScripts.LoginPageTest@41d426b5]" started-at="2022-11-02T11:13:43 IST" name="loginTestWithoutEmailPassword" finished-at="2022-11-02T11:13:46 IST" duration-ms="2518" status="PASS">
          <reporter-output>
          </reporter-output>
        </test-method> <!-- loginTestWithoutEmailPassword -->
        <test-method is-config="true" signature="tearDown()[pri:0, instance:com.edureka.testScripts.LoginPageTest@41d426b5]" started-at="2022-11-02T11:13:46 IST" name="tearDown" finished-at="2022-11-02T11:13:46 IST" duration-ms="300" status="PASS">
          <reporter-output>
          </reporter-output>
        </test-method> <!-- tearDown -->
      </class> <!-- com.edureka.testScripts.LoginPageTest -->
    </test> <!-- Test -->
  </suite> <!-- Suite -->
</testng-results>
